  camera.cpp
C:\Users\Tymek\Documents\GitHub\OpenGL\OpenGL-and-physics\Solar_System\grawitacja_First\grawitacja_First\camera.cpp(29,23): warning C4305: "=": obcięcie z "double" do "float"
C:\Users\Tymek\Documents\GitHub\OpenGL\OpenGL-and-physics\Solar_System\grawitacja_First\grawitacja_First\camera.cpp(78,11): warning C4244: "=": konwersja z "double" do "float", możliwa utrata danych
C:\Users\Tymek\Documents\GitHub\OpenGL\OpenGL-and-physics\Solar_System\grawitacja_First\grawitacja_First\camera.cpp(79,11): warning C4244: "=": konwersja z "double" do "float", możliwa utrata danych
C:\Users\Tymek\Documents\GitHub\OpenGL\OpenGL-and-physics\Solar_System\grawitacja_First\grawitacja_First\camera.cpp(83,16): warning C4244: "inicjowanie": konwersja z "double" do "float", możliwa utrata danych
C:\Users\Tymek\Documents\GitHub\OpenGL\OpenGL-and-physics\Solar_System\grawitacja_First\grawitacja_First\camera.cpp(84,16): warning C4244: "inicjowanie": konwersja z "double" do "float", możliwa utrata danych
C:\Users\Tymek\Documents\GitHub\OpenGL\OpenGL-and-physics\Solar_System\grawitacja_First\grawitacja_First\camera.cpp(86,10): warning C4244: "=": konwersja z "double" do "float", możliwa utrata danych
C:\Users\Tymek\Documents\GitHub\OpenGL\OpenGL-and-physics\Solar_System\grawitacja_First\grawitacja_First\camera.cpp(87,10): warning C4244: "=": konwersja z "double" do "float", możliwa utrata danych
C:\Users\Tymek\Documents\GitHub\OpenGL\OpenGL-and-physics\Solar_System\grawitacja_First\grawitacja_First\camera.cpp(108,52): warning C4305: "argument": obcięcie z "double" do "T"
          with
          [
              T=float
          ]
C:\Users\Tymek\Documents\GitHub\OpenGL\OpenGL-and-physics\Solar_System\grawitacja_First\grawitacja_First\camera.cpp(111,46): warning C4305: "argument": obcięcie z "double" do "T"
          with
          [
              T=float
          ]
  cubeClass.cpp
C:\Users\Tymek\Documents\GitHub\OpenGL\OpenGL-and-physics\Solar_System\grawitacja_First\grawitacja_First\cubeClass.cpp(102,20): warning C4018: "<": niezgodność typu ze znakiem/bez znaku
C:\Users\Tymek\Documents\GitHub\OpenGL\OpenGL-and-physics\Solar_System\grawitacja_First\grawitacja_First\cubeClass.cpp(127,20): warning C4018: "<": niezgodność typu ze znakiem/bez znaku
C:\Users\Tymek\Documents\GitHub\OpenGL\OpenGL-and-physics\Solar_System\grawitacja_First\grawitacja_First\cubeClass.cpp(180,23): warning C4305: "*=": obcięcie z "double" do "T"
          with
          [
              T=float
          ]
C:\Users\Tymek\Documents\GitHub\OpenGL\OpenGL-and-physics\Solar_System\grawitacja_First\grawitacja_First\cubeClass.cpp(192,26): warning C4244: "=": konwersja z "double" do "T", możliwa utrata danych
          with
          [
              T=float
          ]
  gravityPhysics.cpp
C:\Users\Tymek\Documents\GitHub\OpenGL\OpenGL-and-physics\Solar_System\grawitacja_First\grawitacja_First\gravityPhysics.cpp(86,20): warning C4018: "<": niezgodność typu ze znakiem/bez znaku
  mainSource.cpp
C:\Users\Tymek\Documents\GitHub\OpenGL\OpenGL-and-physics\Solar_System\Dependencies\headers\mesh.h(7,10): fatal error C1083: Nie można otworzyć pliku dołącz: 'Shaders.h': No such file or directory
  Shaders.cpp
  WindowInit.h
c1xx : fatal error C1083: Nie można otworzyć pliku źródło: 'WindowInit.h': No such file or directory
  Generowanie kodu...
