  mainSource.cpp
C:\Users\Tymek\Documents\GitHub\OpenGL\OpenGL-and-physics\Dependencies\headers\mesh.h(63,45): warning C4244: "argument": konwersja z "unsigned int" do "float", możliwa utrata danych
C:\Users\Tymek\Documents\GitHub\OpenGL\OpenGL-and-physics\grawitacja_First\grawitacja_First\orbitClass.h(25,21): warning C4018: "<": niezgodność typu ze znakiem/bez znaku
C:\Users\Tymek\Documents\GitHub\OpenGL\OpenGL-and-physics\grawitacja_First\grawitacja_First\orbitClass.h(33,83): warning C4244: "=": konwersja z "T" do "float", możliwa utrata danych
          with
          [
              T=double
          ]
C:\Users\Tymek\Documents\GitHub\OpenGL\OpenGL-and-physics\grawitacja_First\grawitacja_First\orbitClass.h(34,87): warning C4244: "=": konwersja z "T" do "float", możliwa utrata danych
          with
          [
              T=double
          ]
C:\Users\Tymek\Documents\GitHub\OpenGL\OpenGL-and-physics\grawitacja_First\grawitacja_First\orbitClass.h(35,87): warning C4244: "=": konwersja z "T" do "float", możliwa utrata danych
          with
          [
              T=double
          ]
C:\Users\Tymek\Documents\GitHub\OpenGL\OpenGL-and-physics\grawitacja_First\grawitacja_First\orbitClass.h(39,90): warning C4244: "=": konwersja z "T" do "float", możliwa utrata danych
          with
          [
              T=double
          ]
C:\Users\Tymek\Documents\GitHub\OpenGL\OpenGL-and-physics\grawitacja_First\grawitacja_First\orbitClass.h(40,94): warning C4244: "=": konwersja z "T" do "float", możliwa utrata danych
          with
          [
              T=double
          ]
C:\Users\Tymek\Documents\GitHub\OpenGL\OpenGL-and-physics\grawitacja_First\grawitacja_First\orbitClass.h(41,96): warning C4244: "=": konwersja z "T" do "float", możliwa utrata danych
          with
          [
              T=double
          ]
C:\Users\Tymek\Documents\GitHub\OpenGL\OpenGL-and-physics\grawitacja_First\grawitacja_First\orbitClass.h(51,21): warning C4018: "<": niezgodność typu ze znakiem/bez znaku
C:\Users\Tymek\Documents\GitHub\OpenGL\OpenGL-and-physics\grawitacja_First\grawitacja_First\asteroid.h(16,8): warning C4091: "": zignorowano na lewo od "Gravity" podczas gdy brak deklaracji zmiennej
C:\Users\Tymek\Documents\GitHub\OpenGL\OpenGL-and-physics\grawitacja_First\grawitacja_First\asteroid.h(17,6): warning C4091: "": zignorowano na lewo od "Model" podczas gdy brak deklaracji zmiennej
C:\Users\Tymek\Documents\GitHub\OpenGL\OpenGL-and-physics\grawitacja_First\grawitacja_First\asteroid.h(46,20): warning C4244: "argument": konwersja z "double" do "unsigned int", możliwa utrata danych
C:\Users\Tymek\Documents\GitHub\OpenGL\OpenGL-and-physics\grawitacja_First\grawitacja_First\asteroid.h(47,20): warning C4244: "inicjowanie": konwersja z "double" do "float", możliwa utrata danych
C:\Users\Tymek\Documents\GitHub\OpenGL\OpenGL-and-physics\grawitacja_First\grawitacja_First\asteroid.h(48,23): warning C4244: "inicjowanie": konwersja z "double" do "float", możliwa utrata danych
C:\Users\Tymek\Documents\GitHub\OpenGL\OpenGL-and-physics\grawitacja_First\grawitacja_First\asteroid.h(49,19): warning C4244: "inicjowanie": konwersja z "double" do "float", możliwa utrata danych
C:\Users\Tymek\Documents\GitHub\OpenGL\OpenGL-and-physics\grawitacja_First\grawitacja_First\asteroid.h(50,21): warning C4244: "inicjowanie": konwersja z "double" do "float", możliwa utrata danych
C:\Users\Tymek\Documents\GitHub\OpenGL\OpenGL-and-physics\grawitacja_First\grawitacja_First\asteroid.h(59,25): warning C4244: "inicjowanie": konwersja z "double" do "float", możliwa utrata danych
C:\Users\Tymek\Documents\GitHub\OpenGL\OpenGL-and-physics\grawitacja_First\grawitacja_First\asteroid.h(61,45): warning C4244: "=": konwersja z "double" do "float", możliwa utrata danych
C:\Users\Tymek\Documents\GitHub\OpenGL\OpenGL-and-physics\grawitacja_First\grawitacja_First\asteroid.h(63,61): warning C4244: "=": konwersja z "double" do "float", możliwa utrata danych
C:\Users\Tymek\Documents\GitHub\OpenGL\OpenGL-and-physics\grawitacja_First\grawitacja_First\asteroid.h(69,61): warning C4244: "=": konwersja z "double" do "float", możliwa utrata danych
C:\Users\Tymek\Documents\GitHub\OpenGL\OpenGL-and-physics\grawitacja_First\grawitacja_First\asteroid.h(70,16): warning C4244: "inicjowanie": konwersja z "double" do "float", możliwa utrata danych
C:\Users\Tymek\Documents\GitHub\OpenGL\OpenGL-and-physics\grawitacja_First\grawitacja_First\asteroid.h(71,19): warning C4244: "inicjowanie": konwersja z "int" do "float", możliwa utrata danych
C:\Users\Tymek\Documents\GitHub\OpenGL\OpenGL-and-physics\grawitacja_First\grawitacja_First\mainSource.cpp(33,8): warning C4091: "": zignorowano na lewo od "Gravity" podczas gdy brak deklaracji zmiennej
C:\Users\Tymek\Documents\GitHub\OpenGL\OpenGL-and-physics\grawitacja_First\grawitacja_First\mainSource.cpp(99,20): warning C4018: "<": niezgodność typu ze znakiem/bez znaku
C:\Users\Tymek\Documents\GitHub\OpenGL\OpenGL-and-physics\grawitacja_First\grawitacja_First\mainSource.cpp(104,20): warning C4018: "<": niezgodność typu ze znakiem/bez znaku
C:\Users\Tymek\Documents\GitHub\OpenGL\OpenGL-and-physics\grawitacja_First\grawitacja_First\mainSource.cpp(112,23): warning C4244: "inicjowanie": konwersja z "double" do "float", możliwa utrata danych
C:\Users\Tymek\Documents\GitHub\OpenGL\OpenGL-and-physics\grawitacja_First\grawitacja_First\mainSource.cpp(180,89): warning C4244: "argument": konwersja z "double" do "float", możliwa utrata danych
C:\Users\Tymek\Documents\GitHub\OpenGL\OpenGL-and-physics\grawitacja_First\grawitacja_First\mainSource.cpp(180,95): warning C4305: "argument": obcięcie z "const double" do "const float"
C:\Users\Tymek\Documents\GitHub\OpenGL\OpenGL-and-physics\grawitacja_First\grawitacja_First\mainSource.cpp(187,30): warning C4244: "=": konwersja z "double" do "float", możliwa utrata danych
C:\Users\Tymek\Documents\GitHub\OpenGL\OpenGL-and-physics\grawitacja_First\grawitacja_First\mainSource.cpp(230,22): warning C4018: "<": niezgodność typu ze znakiem/bez znaku
C:\Users\Tymek\Documents\GitHub\OpenGL\OpenGL-and-physics\grawitacja_First\grawitacja_First\mainSource.cpp(241,65): warning C4244: "argument": konwersja z "double" do "T", możliwa utrata danych
          with
          [
              T=float
          ]
  grawitacja_First.vcxproj -> C:\Users\Tymek\Documents\GitHub\OpenGL\OpenGL-and-physics\grawitacja_First\Debug\grawitacja_First.exe
